<?xml version="1.0" encoding="UTF-8"?>
<testsuite xmlns:xsi="http://www.w3.org/2001/XMLSchema-instance" xsi:noNamespaceSchemaLocation="https://maven.apache.org/surefire/maven-surefire-plugin/xsd/surefire-test-report-3.0.xsd" version="3.0" name="TestSuite" time="0.381" tests="4" errors="0" skipped="0" failures="0">
  <properties>
[...]
</properties>
  <testcase name="browserAutomation" classname="qaclickacademy.SeleniumTest" time="0.004"/>
  <testcase name="elementsUI" classname="qaclickacademy.SeleniumTest" time="0"/>
  <testcase name="deleteTwitter" classname="qaclickacademy.RESTAPITest" time="0.001"/>
  <testcase name="postJira" classname="qaclickacademy.RESTAPITest" time="0.002"/>
</testsuite>