<?xml version="1.0" encoding="UTF-8"?>
<testng-results ignored="0" total="4" passed="4" failed="0" skipped="0">
  <reporter-output>
  </reporter-output>
  <suite started-at="2019-06-18T02:48:58Z" name="Suite" finished-at="2019-06-18T02:48:58Z" duration-ms="29">
    <groups>
    </groups>
    <test started-at="2019-06-18T02:48:58Z" name="Test" finished-at="2019-06-18T02:48:58Z" duration-ms="29">
      <class name="qaclickacademy.RESTAPITest">
        <test-method signature="deleteTwitter()[pri:0, instance:qaclickacademy.RESTAPITest@7181ae3f]" started-at="2019-06-18T02:48:58Z" name="deleteTwitter" finished-at="2019-06-18T02:48:58Z" duration-ms="1" status="PASS">
          <reporter-output>
          </reporter-output>
        </test-method> <!-- deleteTwitter -->
        <test-method signature="postJira()[pri:0, instance:qaclickacademy.RESTAPITest@7181ae3f]" started-at="2019-06-18T02:48:58Z" name="postJira" finished-at="2019-06-18T02:48:58Z" duration-ms="1" status="PASS">
          <reporter-output>
          </reporter-output>
        </test-method> <!-- postJira -->
      </class> <!-- qaclickacademy.RESTAPITest -->
      <class name="qaclickacademy.SeleniumTest">
        <test-method signature="browserAutomation()[pri:0, instance:qaclickacademy.SeleniumTest@77a57272]" started-at="2019-06-18T02:48:58Z" name="browserAutomation" finished-at="2019-06-18T02:48:58Z" duration-ms="4" status="PASS">
          <reporter-output>
          </reporter-output>
        </test-method> <!-- browserAutomation -->
        <test-method signature="elementsUI()[pri:0, instance:qaclickacademy.SeleniumTest@77a57272]" started-at="2019-06-18T02:48:58Z" name="elementsUI" finished-at="2019-06-18T02:48:58Z" duration-ms="1" status="PASS">
          <reporter-output>
          </reporter-output>
        </test-method> <!-- elementsUI -->
      </class> <!-- qaclickacademy.SeleniumTest -->
    </test> <!-- Test -->
  </suite> <!-- Suite -->
</testng-results>
